mode: set
avito-banner/services/authorization/repository/profile/profile_repo.go:28.90,32.16 3 0
avito-banner/services/authorization/repository/profile/profile_repo.go:32.16,34.3 1 0
avito-banner/services/authorization/repository/profile/profile_repo.go:36.2,39.12 3 0
avito-banner/services/authorization/repository/profile/profile_repo.go:39.12,41.3 1 0
avito-banner/services/authorization/repository/profile/profile_repo.go:43.2,43.31 1 0
avito-banner/services/authorization/repository/profile/profile_repo.go:43.31,46.3 2 0
avito-banner/services/authorization/repository/profile/profile_repo.go:48.2,51.18 3 0
avito-banner/services/authorization/repository/profile/profile_repo.go:54.69,58.33 3 0
avito-banner/services/authorization/repository/profile/profile_repo.go:58.33,60.17 2 0
avito-banner/services/authorization/repository/profile/profile_repo.go:60.17,62.4 1 0
avito-banner/services/authorization/repository/profile/profile_repo.go:64.3,66.49 3 0
avito-banner/services/authorization/repository/profile/profile_repo.go:69.2,69.61 1 0
avito-banner/services/authorization/repository/profile/profile_repo.go:72.96,77.16 3 1
avito-banner/services/authorization/repository/profile/profile_repo.go:77.16,78.36 1 1
avito-banner/services/authorization/repository/profile/profile_repo.go:78.36,80.4 1 1
avito-banner/services/authorization/repository/profile/profile_repo.go:81.3,81.73 1 1
avito-banner/services/authorization/repository/profile/profile_repo.go:84.2,84.24 1 1
avito-banner/services/authorization/repository/profile/profile_repo.go:87.62,93.16 3 1
avito-banner/services/authorization/repository/profile/profile_repo.go:93.16,94.36 1 1
avito-banner/services/authorization/repository/profile/profile_repo.go:94.36,96.4 1 1
avito-banner/services/authorization/repository/profile/profile_repo.go:97.3,97.69 1 1
avito-banner/services/authorization/repository/profile/profile_repo.go:100.2,100.18 1 1
avito-banner/services/authorization/repository/profile/profile_repo.go:103.73,106.16 3 1
avito-banner/services/authorization/repository/profile/profile_repo.go:106.16,108.3 1 1
avito-banner/services/authorization/repository/profile/profile_repo.go:110.2,110.12 1 1
avito-banner/services/authorization/repository/profile/profile_repo.go:113.65,118.16 3 1
avito-banner/services/authorization/repository/profile/profile_repo.go:118.16,119.36 1 1
avito-banner/services/authorization/repository/profile/profile_repo.go:119.36,121.4 1 1
avito-banner/services/authorization/repository/profile/profile_repo.go:122.3,122.72 1 1
avito-banner/services/authorization/repository/profile/profile_repo.go:125.2,125.20 1 1
avito-banner/services/authorization/repository/profile/profile_repo.go:128.64,132.16 3 0
avito-banner/services/authorization/repository/profile/profile_repo.go:132.16,134.3 1 0
avito-banner/services/authorization/repository/profile/profile_repo.go:136.2,136.22 1 0
avito-banner/services/banner/delivery/http/api.go:23.58,35.2 5 0
avito-banner/services/banner/delivery/http/api.go:37.49,39.16 2 0
avito-banner/services/banner/delivery/http/api.go:39.16,42.3 2 0
avito-banner/services/banner/delivery/http/api.go:44.2,44.12 1 0
avito-banner/services/banner/delivery/http/api.go:47.69,52.16 4 0
avito-banner/services/banner/delivery/http/api.go:52.16,57.3 4 0
avito-banner/services/banner/delivery/http/api.go:59.2,60.16 2 0
avito-banner/services/banner/delivery/http/api.go:60.16,65.3 4 0
avito-banner/services/banner/delivery/http/api.go:67.2,68.16 2 0
avito-banner/services/banner/delivery/http/api.go:68.16,70.3 1 0
avito-banner/services/banner/delivery/http/api.go:72.2,73.16 2 0
avito-banner/services/banner/delivery/http/api.go:73.16,79.3 5 0
avito-banner/services/banner/delivery/http/api.go:81.2,81.11 1 0
avito-banner/services/banner/delivery/http/api.go:81.11,85.3 3 0
avito-banner/services/banner/delivery/http/api.go:87.2,89.59 2 0
avito-banner/services/banner/delivery/http/api.go:92.73,96.32 3 0
avito-banner/services/banner/delivery/http/api.go:96.32,98.21 2 0
avito-banner/services/banner/delivery/http/api.go:98.21,100.4 1 0
avito-banner/services/banner/delivery/http/api.go:101.3,102.17 2 0
avito-banner/services/banner/delivery/http/api.go:102.17,107.4 4 0
avito-banner/services/banner/delivery/http/api.go:109.3,110.25 2 0
avito-banner/services/banner/delivery/http/api.go:110.25,112.4 1 0
avito-banner/services/banner/delivery/http/api.go:113.3,114.17 2 0
avito-banner/services/banner/delivery/http/api.go:114.17,119.4 4 0
avito-banner/services/banner/delivery/http/api.go:121.3,122.17 2 0
avito-banner/services/banner/delivery/http/api.go:122.17,124.4 1 0
avito-banner/services/banner/delivery/http/api.go:126.3,127.17 2 0
avito-banner/services/banner/delivery/http/api.go:127.17,129.4 1 0
avito-banner/services/banner/delivery/http/api.go:131.3,132.59 2 0
avito-banner/services/banner/delivery/http/api.go:132.59,134.4 1 0
avito-banner/services/banner/delivery/http/api.go:136.3,137.17 2 0
avito-banner/services/banner/delivery/http/api.go:137.17,143.4 5 0
avito-banner/services/banner/delivery/http/api.go:145.3,147.9 3 0
avito-banner/services/banner/delivery/http/api.go:150.2,150.33 1 0
avito-banner/services/banner/delivery/http/api.go:150.33,151.59 1 0
avito-banner/services/banner/delivery/http/api.go:151.59,155.4 3 0
avito-banner/services/banner/delivery/http/api.go:157.3,160.17 3 0
avito-banner/services/banner/delivery/http/api.go:160.17,165.4 4 0
avito-banner/services/banner/delivery/http/api.go:167.3,168.17 2 0
avito-banner/services/banner/delivery/http/api.go:168.17,173.4 4 0
avito-banner/services/banner/delivery/http/api.go:175.3,176.17 2 0
avito-banner/services/banner/delivery/http/api.go:176.17,182.4 5 0
avito-banner/services/banner/delivery/http/api.go:184.3,187.9 3 0
avito-banner/services/banner/delivery/http/api.go:190.2,191.59 2 0
avito-banner/services/banner/delivery/http/api.go:194.74,199.16 4 0
avito-banner/services/banner/delivery/http/api.go:199.16,204.3 4 0
avito-banner/services/banner/delivery/http/api.go:206.2,206.34 1 0
avito-banner/services/banner/delivery/http/api.go:206.34,210.17 3 0
avito-banner/services/banner/delivery/http/api.go:210.17,215.4 4 0
avito-banner/services/banner/delivery/http/api.go:217.3,218.17 2 0
avito-banner/services/banner/delivery/http/api.go:218.17,223.4 4 0
avito-banner/services/banner/delivery/http/api.go:225.3,227.17 3 0
avito-banner/services/banner/delivery/http/api.go:227.17,233.4 5 0
avito-banner/services/banner/delivery/http/api.go:235.3,235.11 1 0
avito-banner/services/banner/delivery/http/api.go:235.11,239.4 3 0
avito-banner/services/banner/delivery/http/api.go:241.3,242.9 2 0
avito-banner/services/banner/delivery/http/api.go:245.2,245.35 1 0
avito-banner/services/banner/delivery/http/api.go:245.35,247.17 2 0
avito-banner/services/banner/delivery/http/api.go:247.17,253.4 5 0
avito-banner/services/banner/delivery/http/api.go:255.3,255.11 1 0
avito-banner/services/banner/delivery/http/api.go:255.11,259.4 3 0
avito-banner/services/banner/delivery/http/api.go:261.3,262.9 2 0
avito-banner/services/banner/delivery/http/api.go:265.2,266.59 2 0
avito-banner/services/banner/usecase/core.go:36.66,38.16 2 0
avito-banner/services/banner/usecase/core.go:38.16,40.3 1 0
avito-banner/services/banner/usecase/core.go:41.2,43.20 2 0
avito-banner/services/banner/usecase/core.go:46.107,48.16 2 0
avito-banner/services/banner/usecase/core.go:48.16,50.3 1 0
avito-banner/services/banner/usecase/core.go:51.2,54.16 3 0
avito-banner/services/banner/usecase/core.go:54.16,56.3 1 0
avito-banner/services/banner/usecase/core.go:58.2,64.18 2 0
avito-banner/services/banner/usecase/core.go:67.61,69.16 2 0
avito-banner/services/banner/usecase/core.go:69.16,71.3 1 0
avito-banner/services/banner/usecase/core.go:73.2,73.11 1 0
avito-banner/services/banner/usecase/core.go:73.11,75.3 1 0
avito-banner/services/banner/usecase/core.go:77.2,77.18 1 0
avito-banner/services/banner/usecase/core.go:80.114,82.16 2 0
avito-banner/services/banner/usecase/core.go:82.16,84.3 1 0
avito-banner/services/banner/usecase/core.go:86.2,86.11 1 0
avito-banner/services/banner/usecase/core.go:86.11,88.3 1 0
avito-banner/services/banner/usecase/core.go:90.2,91.16 2 0
avito-banner/services/banner/usecase/core.go:91.16,93.3 1 0
avito-banner/services/banner/usecase/core.go:95.2,95.17 1 0
avito-banner/services/banner/usecase/core.go:95.17,97.3 1 0
avito-banner/services/banner/usecase/core.go:99.2,100.16 2 0
avito-banner/services/banner/usecase/core.go:100.16,102.3 1 0
avito-banner/services/banner/usecase/core.go:104.2,104.19 1 0
avito-banner/services/banner/usecase/core.go:104.19,106.3 1 0
avito-banner/services/banner/usecase/core.go:108.2,108.26 1 0
avito-banner/services/banner/usecase/core.go:111.142,113.16 2 0
avito-banner/services/banner/usecase/core.go:113.16,115.3 1 0
avito-banner/services/banner/usecase/core.go:117.2,117.21 1 0
avito-banner/services/banner/usecase/core.go:120.59,122.16 2 0
avito-banner/services/banner/usecase/core.go:122.16,124.3 1 0
avito-banner/services/banner/usecase/core.go:126.2,126.19 1 0
avito-banner/services/banner/usecase/core.go:129.60,131.16 2 0
avito-banner/services/banner/usecase/core.go:131.16,133.3 1 0
avito-banner/services/banner/usecase/core.go:135.2,135.10 1 0
avito-banner/services/banner/usecase/core.go:135.10,137.3 1 0
avito-banner/services/banner/usecase/core.go:139.2,140.16 2 0
avito-banner/services/banner/usecase/core.go:140.16,142.3 1 0
avito-banner/services/banner/usecase/core.go:144.2,144.18 1 0
avito-banner/services/banner/usecase/core.go:147.73,148.54 1 0
avito-banner/services/banner/usecase/core.go:148.54,150.3 1 0
avito-banner/services/banner/usecase/core.go:152.2,153.16 2 0
avito-banner/services/banner/usecase/core.go:153.16,155.3 1 0
avito-banner/services/banner/usecase/core.go:157.2,157.10 1 0
avito-banner/services/banner/usecase/core.go:157.10,159.3 1 0
avito-banner/services/banner/usecase/core.go:161.2,162.16 2 0
avito-banner/services/banner/usecase/core.go:162.16,164.3 1 0
avito-banner/services/banner/usecase/core.go:166.2,166.18 1 0
avito-banner/services/banner/usecase/core.go:169.65,170.54 1 0
avito-banner/services/banner/usecase/core.go:170.54,172.3 1 0
avito-banner/services/banner/usecase/core.go:174.2,175.16 2 0
avito-banner/services/banner/usecase/core.go:175.16,177.3 1 0
avito-banner/services/banner/usecase/core.go:179.2,179.12 1 0
avito-banner/services/banner/usecase/core.go:182.75,184.16 2 0
avito-banner/services/banner/usecase/core.go:184.16,186.3 1 0
avito-banner/services/banner/usecase/core.go:187.2,187.28 1 0
avito-banner/services/banner/usecase/core.go:190.76,192.16 2 0
avito-banner/services/banner/usecase/core.go:192.16,194.3 1 0
avito-banner/services/banner/usecase/core.go:196.2,196.23 1 0
